<?xml version="1.0" encoding="UTF-8"?>
<!-- Generated by org.testng.reporters.JUnitReportReporter -->
<testsuite skipped="0" hostname="DESKTOP-8SKO70U" name="test.TestPagewithoutFactory" tests="1" failures="0" timestamp="17 Mar 2019 09:54:18 GMT" time="15.734" errors="0">
  <testcase name="verifylogin" time="15.734" classname="test.TestPagewithoutFactory"/>
</testsuite> <!-- test.TestPagewithoutFactory -->
