<?xml version="1.0" encoding="UTF-8"?>
<!-- Generated by org.testng.reporters.JUnitReportReporter -->
<testsuite skipped="0" hostname="DESKTOP-8SKO70U" name="test.TestWithFactory" tests="1" failures="0" timestamp="17 Mar 2019 10:06:31 GMT" time="25.401" errors="0">
  <testcase name="verifylogin" time="25.401" classname="test.TestWithFactory"/>
</testsuite> <!-- test.TestWithFactory -->
