<?xml version="1.0" encoding="UTF-8"?>
<!-- Generated by org.testng.reporters.JUnitReportReporter -->
<testsuite skipped="0" hostname="DESKTOP-8SKO70U" name="invocationCnt.InvocationCountTest" tests="10" failures="0" timestamp="23 Jan 2019 11:36:43 GMT" time="0.063" errors="0">
  <testcase name="printSum" time="0.003" classname="invocationCnt.InvocationCountTest"/>
  <testcase name="printSum" time="0.003" classname="invocationCnt.InvocationCountTest"/>
  <testcase name="printSum" time="0.005" classname="invocationCnt.InvocationCountTest"/>
  <testcase name="printSum" time="0.003" classname="invocationCnt.InvocationCountTest"/>
  <testcase name="printSum" time="0.004" classname="invocationCnt.InvocationCountTest"/>
  <testcase name="printSum" time="0.020" classname="invocationCnt.InvocationCountTest"/>
  <testcase name="printSum" time="0.011" classname="invocationCnt.InvocationCountTest"/>
  <testcase name="printSum" time="0.002" classname="invocationCnt.InvocationCountTest"/>
  <testcase name="printSum" time="0.008" classname="invocationCnt.InvocationCountTest"/>
  <testcase name="printSum" time="0.004" classname="invocationCnt.InvocationCountTest"/>
</testsuite> <!-- invocationCnt.InvocationCountTest -->
