<?xml version="1.0" encoding="UTF-8"?>
<!-- Generated by org.testng.reporters.JUnitReportReporter -->
<testsuite skipped="0" hostname="DESKTOP-8SKO70U" name="threeStepsProcess.SimpleTest" tests="3" failures="0" timestamp="03 Feb 2019 12:17:28 GMT" time="67.973" errors="0">
  <testcase name="autoComplete" time="25.151" classname="threeStepsProcess.SimpleTest"/>
  <testcase name="dropDownMenu" time="15.901" classname="threeStepsProcess.SimpleTest"/>
  <testcase name="fileupload" time="26.921" classname="threeStepsProcess.SimpleTest"/>
</testsuite> <!-- threeStepsProcess.SimpleTest -->
