<?xml version="1.0" encoding="UTF-8"?>
<!-- Generated by org.testng.reporters.JUnitReportReporter -->
<testsuite skipped="0" hostname="DESKTOP-8SKO70U" name="threeStepsProcess.SimpleTest" tests="3" failures="0" timestamp="04 Feb 2019 10:11:48 GMT" time="58.477" errors="0">
  <testcase name="autoComplete" time="14.348" classname="threeStepsProcess.SimpleTest"/>
  <testcase name="dropDownMenu" time="19.161" classname="threeStepsProcess.SimpleTest"/>
  <testcase name="fileupload" time="24.968" classname="threeStepsProcess.SimpleTest"/>
</testsuite> <!-- threeStepsProcess.SimpleTest -->
