<?xml version="1.0" encoding="UTF-8"?>
<!-- Generated by org.testng.reporters.JUnitReportReporter -->
<testsuite skipped="0" hostname="DESKTOP-8SKO70U" name="BasicStructure.DemoAnnotations" tests="1" failures="0" timestamp="23 Jan 2019 11:36:43 GMT" time="0.005" errors="0">
  <testcase name="Test2" time="0.005" classname="BasicStructure.DemoAnnotations"/>
</testsuite> <!-- BasicStructure.DemoAnnotations -->
