<?xml version="1.0" encoding="UTF-8"?>
<!-- Generated by org.testng.reporters.JUnitReportReporter -->
<testsuite skipped="0" hostname="DESKTOP-8SKO70U" name="test.Test1" tests="1" failures="0" timestamp="12 Mar 2019 09:51:58 GMT" time="0.020" errors="0">
  <testcase name="JiraId_1200" time="0.020" classname="test.Test1"/>
</testsuite> <!-- test.Test1 -->
